<?xml version="1.0" encoding="UTF-8"?>
<!-- Generated by org.testng.reporters.JUnitReportReporter -->
<testsuite skipped="0" hostname="Jagmandeeps-MacBook-Pro.local" name="org.learnautomation.unitTest.TestBroswerFactory" tests="1" failures="0" timestamp="05 Jul 2019 15:30:13 GMT" time="4.725" errors="0">
  <testcase name="testBrowsers" time="4.725" classname="org.learnautomation.unitTest.TestBroswerFactory"/>
</testsuite> <!-- org.learnautomation.unitTest.TestBroswerFactory -->
