<?xml version="1.0" encoding="UTF-8"?>
<!-- Generated by org.testng.reporters.JUnitReportReporter -->
<testsuite skipped="0" hostname="Jagmandeeps-MacBook-Pro.local" name="org.learnautomation.unitTest.TestDataProviderFactory" tests="1" failures="0" timestamp="04 Jul 2019 03:11:30 GMT" time="0.363" errors="0">
  <testcase name="testExcelLib" time="0.363" classname="org.learnautomation.unitTest.TestDataProviderFactory"/>
</testsuite> <!-- org.learnautomation.unitTest.TestDataProviderFactory -->
