<?xml version="1.0" encoding="UTF-8"?>
<!-- Generated by org.testng.reporters.JUnitReportReporter -->
<testsuite skipped="0" hostname="Jagmandeeps-MacBook-Pro.local" name="org.learnautomation.unitTest.TestDataProviderFactory" tests="2" failures="0" timestamp="02 Jul 2019 05:50:27 GMT" time="0.355" errors="0">
  <testcase name="testExcelLib" time="0.346" classname="org.learnautomation.unitTest.TestDataProviderFactory"/>
  <testcase name="testConfig" time="0.009" classname="org.learnautomation.unitTest.TestDataProviderFactory"/>
</testsuite> <!-- org.learnautomation.unitTest.TestDataProviderFactory -->
